Traceback (most recent call last):
  File "/home/s230047/Downloads/VisionForecaster/main.py", line 49, in <module>
    model_path, all_fold_history = diff_model_multi_fold_cv_train_test(train_loaders, test_loaders) #
                                   ~~~~~~~~~~~~~~~~~~~~~~~~~~~~~~~~~~~^^^^^^^^^^^^^^^^^^^^^^^^^^^^^
  File "/home/s230047/Downloads/VisionForecaster/training_and_validation_functions.py", line 156, in diff_model_multi_fold_cv_train_test
    model = SmallDataDecoderViT(
    in_channels=1,
    embed_dim=64, depth=8, num_heads=6,
    proj_drop=0.1, drop_path_rate=0.1)
  File "/home/s230047/Downloads/VisionForecaster/transformer.py", line 395, in __init__
    DecoderBlock(
    ~~~~~~~~~~~~^
        embed_dim, num_heads,
        ^^^^^^^^^^^^^^^^^^^^^
    ...<4 lines>...
        locality_strength=locality_strength,
        ^^^^^^^^^^^^^^^^^^^^^^^^^^^^^^^^^^^^
    )
    ^
  File "/home/s230047/Downloads/VisionForecaster/transformer.py", line 312, in __init__
    self.attn  = LocalitySelfAttention(
                 ~~~~~~~~~~~~~~~~~~~~~^
        embed_dim, num_heads, grid_h, grid_w, attn_drop, locality_strength
        ^^^^^^^^^^^^^^^^^^^^^^^^^^^^^^^^^^^^^^^^^^^^^^^^^^^^^^^^^^^^^^^^^^
    )
    ^
  File "/home/s230047/Downloads/VisionForecaster/transformer.py", line 199, in __init__
    assert embed_dim % num_heads == 0
           ^^^^^^^^^^^^^^^^^^^^^^^^^^
AssertionError
