Using 19 CPU cores on this node.
/home/s230047/Downloads/VisionForecaster
Using virtualenv: /home/s230047/.cache/pypoetry/virtualenvs/transformer-D-LRPITk-py3.13
Check for NAN values in distance matrices, (False -> no NAN, True otherwise.):  False
Distance matrix shape (num_of_trading_days, num_of_stocks, num_of_stocks):  (1575, 457, 457)

GICS reordering applied. Sector block sizes:
  Communication Services          stocks [  0,  18)  n=18
  Consumer Discretionary          stocks [ 18,  81)  n=63
  Consumer Staples                stocks [ 81, 117)  n=36
  Energy                          stocks [117, 141)  n=24
  Financials                      stocks [141, 206)  n=65
  Health Care                     stocks [206, 257)  n=51
  Industrials                     stocks [257, 321)  n=64
  Information Technology          stocks [321, 377)  n=56
  Materials                       stocks [377, 401)  n=24
  Real Estate                     stocks [401, 430)  n=29
  Utilities                       stocks [430, 457)  n=27

  build_patch_sector_ids: 841 patches → 66 groups (11 same-sector, 55 cross-sector pairs)
Patch sector IDs built: shape=(841,), unique sectors=66

========== Fold=1 ==========
  torch.compile: enabled
  Optimizer param groups:
    decay    :  2,950,848 params  lr=1e-4  wd=1e-2
    no-decay :     13,056 params  lr=1e-4  wd=0
    gamma    :      2,304 params  lr=1e-3  wd=0   ← 10× boost
    gate     :         18 params  lr=1e-2  wd=0   ← 100× boost
  Gate warmup: gate_logit FROZEN for first 20 epochs
----- Epoch 1 -----
Training begins

  ── LayerScale gamma gradient check (epoch 1, batch 1) ──
    _orig_mod.blocks.0.ls1.gamma                        grad norm = 0.000047
    _orig_mod.blocks.0.ls2.gamma                        grad norm = 0.000130
    _orig_mod.blocks.1.ls1.gamma                        grad norm = 0.000040
    _orig_mod.blocks.1.ls2.gamma                        grad norm = 0.000119
    _orig_mod.blocks.2.ls1.gamma                        grad norm = 0.000049
    _orig_mod.blocks.2.ls2.gamma                        grad norm = 0.000142
    _orig_mod.blocks.3.ls1.gamma                        grad norm = 0.000043
    _orig_mod.blocks.3.ls2.gamma                        grad norm = 0.000156
    _orig_mod.blocks.4.ls1.gamma                        grad norm = 0.000053
    _orig_mod.blocks.4.ls2.gamma                        grad norm = 0.000142
    _orig_mod.blocks.5.ls1.gamma                        grad norm = 0.000046
    _orig_mod.blocks.5.ls2.gamma                        grad norm = 0.000134
  ── end gamma check ──


  ── SectorGPSA gate_logit gradient check (epoch 1, batch 1) ──
  (near-zero grads are expected at init; see docstring)
    _orig_mod.blocks.0.attn.gate_logit                  grad = None  ← not connected!
    _orig_mod.blocks.1.attn.gate_logit                  grad = None  ← not connected!
    _orig_mod.blocks.2.attn.gate_logit                  grad = None  ← not connected!
    _orig_mod.blocks.3.attn.gate_logit                  grad = None  ← not connected!
    _orig_mod.blocks.4.attn.gate_logit                  grad = None  ← not connected!
    _orig_mod.blocks.5.attn.gate_logit                  grad = None  ← not connected!
  ── end gate check ──

Validation begins
----- Train/Validation results -----
Epoch 1: Train Loss 0.817093 | Val Loss 0.959667
Epoch 1: Train R^2: -9.7268% | Val R^2: -1.6010%
  Gate g=sigmoid(λ) — mean: 0.8808  min: 0.8808  max: 0.8808  (FROZEN)
  LayerScale γ — mean: 0.021392  min: 0.015516  max: 0.027107
--------------------
----- Epoch 2 -----
Training begins
Validation begins
----- Train/Validation results -----
Epoch 2: Train Loss 0.781598 | Val Loss 0.960339
Epoch 2: Train R^2: -4.8637% | Val R^2: -1.7701%
--------------------
----- Epoch 3 -----
Training begins
Validation begins
----- Train/Validation results -----
Epoch 3: Train Loss 0.732592 | Val Loss 0.993159
Epoch 3: Train R^2: 2.0130% | Val R^2: -5.4144%
--------------------
----- Epoch 4 -----
Training begins
Validation begins
----- Train/Validation results -----
Epoch 4: Train Loss 0.677613 | Val Loss 0.984600
Epoch 4: Train R^2: 9.5829% | Val R^2: -4.5733%
--------------------
----- Epoch 5 -----
Training begins
Validation begins
----- Train/Validation results -----
Epoch 5: Train Loss 0.647065 | Val Loss 0.967475
Epoch 5: Train R^2: 13.7305% | Val R^2: -2.7919%
--------------------
----- Epoch 6 -----
Training begins
Validation begins
----- Train/Validation results -----
Epoch 6: Train Loss 0.622540 | Val Loss 0.947018
Epoch 6: Train R^2: 17.0536% | Val R^2: -0.6423%
--------------------
----- Epoch 7 -----
Training begins
Validation begins
----- Train/Validation results -----
Epoch 7: Train Loss 0.599647 | Val Loss 0.924330
Epoch 7: Train R^2: 20.0850% | Val R^2: 1.7537%
--------------------
----- Epoch 8 -----
Training begins
Validation begins
----- Train/Validation results -----
Epoch 8: Train Loss 0.579714 | Val Loss 0.905548
Epoch 8: Train R^2: 22.7723% | Val R^2: 3.7324%
--------------------
----- Epoch 9 -----
Training begins
Validation begins
----- Train/Validation results -----
Epoch 9: Train Loss 0.560964 | Val Loss 0.884763
Epoch 9: Train R^2: 25.2839% | Val R^2: 5.9316%
--------------------
----- Epoch 10 -----
Training begins
Validation begins
----- Train/Validation results -----
Epoch 10: Train Loss 0.544708 | Val Loss 0.868046
Epoch 10: Train R^2: 27.4349% | Val R^2: 7.6952%
  Gate g=sigmoid(λ) — mean: 0.8808  min: 0.8808  max: 0.8808  (FROZEN)
  LayerScale γ — mean: 0.068410  min: 0.042562  max: 0.088862
--------------------
----- Epoch 11 -----
Training begins
Validation begins
----- Train/Validation results -----
Epoch 11: Train Loss 0.528579 | Val Loss 0.849241
Epoch 11: Train R^2: 29.5841% | Val R^2: 9.6893%
--------------------
----- Epoch 12 -----
Training begins
Validation begins
----- Train/Validation results -----
Epoch 12: Train Loss 0.513695 | Val Loss 0.832732
Epoch 12: Train R^2: 31.5660% | Val R^2: 11.4353%
--------------------
----- Epoch 13 -----
Training begins
Validation begins
----- Train/Validation results -----
Epoch 13: Train Loss 0.500499 | Val Loss 0.817489
Epoch 13: Train R^2: 33.3289% | Val R^2: 13.0502%
--------------------
----- Epoch 14 -----
Training begins
Validation begins
----- Train/Validation results -----
Epoch 14: Train Loss 0.488267 | Val Loss 0.803421
Epoch 14: Train R^2: 34.9475% | Val R^2: 14.5391%
--------------------
----- Epoch 15 -----
Training begins
Validation begins
----- Train/Validation results -----
Epoch 15: Train Loss 0.476020 | Val Loss 0.789554
Epoch 15: Train R^2: 36.5742% | Val R^2: 16.0074%
--------------------
----- Epoch 16 -----
Training begins
Validation begins
----- Train/Validation results -----
Epoch 16: Train Loss 0.464244 | Val Loss 0.770829
Epoch 16: Train R^2: 38.1300% | Val R^2: 18.0039%
--------------------
----- Epoch 17 -----
Training begins
Validation begins
----- Train/Validation results -----
Epoch 17: Train Loss 0.453418 | Val Loss 0.754996
Epoch 17: Train R^2: 39.5602% | Val R^2: 19.6866%
--------------------
----- Epoch 18 -----
Training begins
Validation begins
----- Train/Validation results -----
Epoch 18: Train Loss 0.442049 | Val Loss 0.741415
Epoch 18: Train R^2: 41.0496% | Val R^2: 21.1290%
--------------------
----- Epoch 19 -----
Training begins
Validation begins
----- Train/Validation results -----
Epoch 19: Train Loss 0.432528 | Val Loss 0.723090
Epoch 19: Train R^2: 42.3143% | Val R^2: 23.0832%
--------------------
----- Epoch 20 -----
Training begins
Validation begins
----- Train/Validation results -----
Epoch 20: Train Loss 0.420622 | Val Loss 0.711351
Epoch 20: Train R^2: 43.8895% | Val R^2: 24.3311%
  Gate g=sigmoid(λ) — mean: 0.8808  min: 0.8808  max: 0.8808  (FROZEN)
  LayerScale γ — mean: 0.076619  min: 0.044826  max: 0.101831
--------------------
----- Epoch 21 -----
  Gate warmup complete: gate_logit UNFROZEN at epoch 21
Training begins
Validation begins
----- Train/Validation results -----
Epoch 21: Train Loss 0.409411 | Val Loss 0.681921
Epoch 21: Train R^2: 45.3334% | Val R^2: 27.4819%
  Gate g=sigmoid(λ) — mean: 0.8485  min: 0.8485  max: 0.8485  (trainable)
  LayerScale γ — mean: 0.077765  min: 0.045398  max: 0.103978
--------------------
----- Epoch 22 -----
Training begins
Validation begins
----- Train/Validation results -----
Epoch 22: Train Loss 0.395301 | Val Loss 0.652267
Epoch 22: Train R^2: 47.1623% | Val R^2: 30.6656%
--------------------
----- Epoch 23 -----
Training begins
Validation begins
----- Train/Validation results -----
Epoch 23: Train Loss 0.379605 | Val Loss 0.652196
Epoch 23: Train R^2: 49.2082% | Val R^2: 30.6706%
--------------------
----- Epoch 24 -----
Training begins
Validation begins
----- Train/Validation results -----
Epoch 24: Train Loss 0.370971 | Val Loss 0.706433
Epoch 24: Train R^2: 50.4418% | Val R^2: 24.8031%
--------------------
----- Epoch 25 -----
Training begins
Validation begins
----- Train/Validation results -----
Epoch 25: Train Loss 0.362216 | Val Loss 0.795406
Epoch 25: Train R^2: 51.5169% | Val R^2: 15.2166%
--------------------
----- Epoch 26 -----
Training begins
Validation begins
----- Train/Validation results -----
Epoch 26: Train Loss 0.392232 | Val Loss 0.965228
Epoch 26: Train R^2: 47.3771% | Val R^2: -2.9523%
--------------------
----- Epoch 27 -----
Training begins
Validation begins
----- Train/Validation results -----
Epoch 27: Train Loss 0.444085 | Val Loss 0.578514
Epoch 27: Train R^2: 40.1729% | Val R^2: 38.6929%
--------------------
----- Epoch 28 -----
Training begins
Validation begins
----- Train/Validation results -----
Epoch 28: Train Loss 0.388756 | Val Loss 0.554712
Epoch 28: Train R^2: 47.7901% | Val R^2: 41.1684%
--------------------
----- Epoch 29 -----
Training begins
Validation begins
----- Train/Validation results -----
Epoch 29: Train Loss 0.359838 | Val Loss 0.645635
Epoch 29: Train R^2: 51.7311% | Val R^2: 31.3334%
--------------------
----- Epoch 30 -----
Training begins
Validation begins
----- Train/Validation results -----
Epoch 30: Train Loss 0.339734 | Val Loss 0.589971
Epoch 30: Train R^2: 54.3514% | Val R^2: 37.2766%
  Gate g=sigmoid(λ) — mean: 0.5194  min: 0.5194  max: 0.5194  (trainable)
  LayerScale γ — mean: 0.080768  min: 0.043048  max: 0.115682
--------------------
----- Epoch 31 -----
Training begins
Validation begins
----- Train/Validation results -----
Epoch 31: Train Loss 0.337878 | Val Loss 0.646067
Epoch 31: Train R^2: 54.6500% | Val R^2: 31.2615%
--------------------
----- Epoch 32 -----
Training begins
Validation begins
----- Train/Validation results -----
Epoch 32: Train Loss 0.328300 | Val Loss 0.701167
Epoch 32: Train R^2: 55.8757% | Val R^2: 25.3019%
--------------------
----- Epoch 33 -----
Training begins
Validation begins
----- Train/Validation results -----
Epoch 33: Train Loss 0.333227 | Val Loss 0.599022
Epoch 33: Train R^2: 55.1618% | Val R^2: 36.3211%
--------------------
----- Epoch 34 -----
Training begins
Validation begins
----- Train/Validation results -----
Epoch 34: Train Loss 0.338622 | Val Loss 0.581430
Epoch 34: Train R^2: 54.4271% | Val R^2: 38.2861%
--------------------
----- Epoch 35 -----
Training begins
Validation begins
----- Train/Validation results -----
Epoch 35: Train Loss 0.338031 | Val Loss 0.465766
Epoch 35: Train R^2: 54.4935% | Val R^2: 50.7513%
--------------------
----- Epoch 36 -----
Training begins
Validation begins
----- Train/Validation results -----
Epoch 36: Train Loss 0.351995 | Val Loss 0.590295
Epoch 36: Train R^2: 52.8100% | Val R^2: 37.2838%
--------------------
----- Epoch 37 -----
Training begins
Validation begins
----- Train/Validation results -----
Epoch 37: Train Loss 0.336311 | Val Loss 0.575419
Epoch 37: Train R^2: 54.7027% | Val R^2: 38.8086%
--------------------
----- Epoch 38 -----
Training begins
Validation begins
----- Train/Validation results -----
Epoch 38: Train Loss 0.331934 | Val Loss 0.711929
Epoch 38: Train R^2: 55.3992% | Val R^2: 24.1421%
--------------------
----- Epoch 39 -----
Training begins
Validation begins
----- Train/Validation results -----
Epoch 39: Train Loss 0.325533 | Val Loss 0.587238
Epoch 39: Train R^2: 56.1398% | Val R^2: 37.5464%
--------------------
----- Epoch 40 -----
Training begins
Validation begins
----- Train/Validation results -----
Epoch 40: Train Loss 0.317042 | Val Loss 0.620059
Epoch 40: Train R^2: 57.3410% | Val R^2: 34.0311%
  Gate g=sigmoid(λ) — mean: 0.5000  min: 0.5000  max: 0.5000  (trainable)
  LayerScale γ — mean: 0.077582  min: 0.037618  max: 0.113602
--------------------
----- Epoch 41 -----
Training begins
Validation begins
----- Train/Validation results -----
Epoch 41: Train Loss 0.310390 | Val Loss 0.517246
Epoch 41: Train R^2: 58.2012% | Val R^2: 45.0917%
--------------------
----- Epoch 42 -----
Training begins
Validation begins
----- Train/Validation results -----
Epoch 42: Train Loss 0.301849 | Val Loss 0.536246
Epoch 42: Train R^2: 59.3778% | Val R^2: 43.0685%
--------------------
----- Epoch 43 -----
Training begins
Validation begins
----- Train/Validation results -----
Epoch 43: Train Loss 0.300430 | Val Loss 0.455928
Epoch 43: Train R^2: 59.5274% | Val R^2: 51.7072%
--------------------
----- Epoch 44 -----
Training begins
Validation begins
----- Train/Validation results -----
Epoch 44: Train Loss 0.307298 | Val Loss 0.565731
Epoch 44: Train R^2: 58.7394% | Val R^2: 39.8743%
--------------------
----- Epoch 45 -----
Training begins
Validation begins
----- Train/Validation results -----
Epoch 45: Train Loss 0.300601 | Val Loss 0.487860
Epoch 45: Train R^2: 59.4746% | Val R^2: 48.1986%
--------------------
----- Epoch 46 -----
Training begins
Validation begins
----- Train/Validation results -----
Epoch 46: Train Loss 0.316510 | Val Loss 0.669115
Epoch 46: Train R^2: 57.4954% | Val R^2: 28.7192%
--------------------
----- Epoch 47 -----
Training begins
Validation begins
----- Train/Validation results -----
Epoch 47: Train Loss 0.304290 | Val Loss 0.578012
Epoch 47: Train R^2: 59.0042% | Val R^2: 38.4973%
--------------------
----- Epoch 48 -----
Training begins
Validation begins
----- Train/Validation results -----
Epoch 48: Train Loss 0.302458 | Val Loss 0.650906
Epoch 48: Train R^2: 59.3289% | Val R^2: 30.6791%
--------------------
----- Epoch 49 -----
Training begins
Validation begins
----- Train/Validation results -----
Epoch 49: Train Loss 0.307700 | Val Loss 0.505208
Epoch 49: Train R^2: 58.5162% | Val R^2: 46.3805%
--------------------
----- Epoch 50 -----
Training begins
Validation begins
----- Train/Validation results -----
Epoch 50: Train Loss 0.292745 | Val Loss 0.501563
Epoch 50: Train R^2: 60.5537% | Val R^2: 46.7934%
  Gate g=sigmoid(λ) — mean: 0.5000  min: 0.5000  max: 0.5000  (trainable)
  LayerScale γ — mean: 0.077091  min: 0.035909  max: 0.114634
--------------------
----- Epoch 51 -----
Training begins
Validation begins
----- Train/Validation results -----
Epoch 51: Train Loss 0.285902 | Val Loss 0.448052
Epoch 51: Train R^2: 61.4657% | Val R^2: 52.5588%
--------------------
----- Epoch 52 -----
Training begins
Validation begins
----- Train/Validation results -----
Epoch 52: Train Loss 0.290565 | Val Loss 0.514918
Epoch 52: Train R^2: 60.9035% | Val R^2: 45.3141%
--------------------
----- Epoch 53 -----
Training begins
Validation begins
----- Train/Validation results -----
Epoch 53: Train Loss 0.289474 | Val Loss 0.522755
Epoch 53: Train R^2: 60.9508% | Val R^2: 44.4137%
--------------------
----- Epoch 54 -----
Training begins
Validation begins
----- Train/Validation results -----
Epoch 54: Train Loss 0.293899 | Val Loss 0.689517
Epoch 54: Train R^2: 60.4804% | Val R^2: 26.4994%
--------------------
----- Epoch 55 -----
Training begins
Validation begins
----- Train/Validation results -----
Epoch 55: Train Loss 0.296557 | Val Loss 0.573081
Epoch 55: Train R^2: 60.0138% | Val R^2: 39.0208%
--------------------
----- Epoch 56 -----
Training begins
Validation begins
----- Train/Validation results -----
Epoch 56: Train Loss 0.293013 | Val Loss 0.550851
Epoch 56: Train R^2: 60.4913% | Val R^2: 41.4504%
--------------------
----- Epoch 57 -----
Training begins
Validation begins
----- Train/Validation results -----
Epoch 57: Train Loss 0.284621 | Val Loss 0.479013
Epoch 57: Train R^2: 61.6246% | Val R^2: 49.1980%
--------------------
----- Epoch 58 -----
Training begins
Validation begins
----- Train/Validation results -----
Epoch 58: Train Loss 0.272992 | Val Loss 0.463213
Epoch 58: Train R^2: 63.2018% | Val R^2: 50.9074%
--------------------
----- Epoch 59 -----
Training begins
Validation begins
----- Train/Validation results -----
Epoch 59: Train Loss 0.272067 | Val Loss 0.458713
Epoch 59: Train R^2: 63.3047% | Val R^2: 51.3488%
--------------------
----- Epoch 60 -----
Training begins
Validation begins
----- Train/Validation results -----
Epoch 60: Train Loss 0.278630 | Val Loss 0.570834
Epoch 60: Train R^2: 62.5180% | Val R^2: 39.2388%
  Gate g=sigmoid(λ) — mean: 0.5000  min: 0.5000  max: 0.5000  (trainable)
  LayerScale γ — mean: 0.078719  min: 0.033572  max: 0.121867
--------------------
----- Epoch 61 -----
Training begins
Validation begins
----- Train/Validation results -----
Epoch 61: Train Loss 0.274159 | Val Loss 0.603550
Epoch 61: Train R^2: 63.0145% | Val R^2: 35.7124%
--------------------
Early stopping triggered. Loading best model weights...
  Checkpoint saved → model_fold_1.pth  (weights + history)
========== Fold=2 ==========
  torch.compile: enabled
  Optimizer param groups:
    decay    :  2,950,848 params  lr=1e-4  wd=1e-2
    no-decay :     13,056 params  lr=1e-4  wd=0
    gamma    :      2,304 params  lr=1e-3  wd=0   ← 10× boost
    gate     :         18 params  lr=1e-2  wd=0   ← 100× boost
  Gate warmup: gate_logit FROZEN for first 20 epochs
----- Epoch 1 -----
Training begins

  ── LayerScale gamma gradient check (epoch 1, batch 1) ──
    _orig_mod.blocks.0.ls1.gamma                        grad norm = 0.000037
    _orig_mod.blocks.0.ls2.gamma                        grad norm = 0.000146
    _orig_mod.blocks.1.ls1.gamma                        grad norm = 0.000038
    _orig_mod.blocks.1.ls2.gamma                        grad norm = 0.000143
    _orig_mod.blocks.2.ls1.gamma                        grad norm = 0.000039
    _orig_mod.blocks.2.ls2.gamma                        grad norm = 0.000135
    _orig_mod.blocks.3.ls1.gamma                        grad norm = 0.000041
    _orig_mod.blocks.3.ls2.gamma                        grad norm = 0.000140
    _orig_mod.blocks.4.ls1.gamma                        grad norm = 0.000044
    _orig_mod.blocks.4.ls2.gamma                        grad norm = 0.000140
    _orig_mod.blocks.5.ls1.gamma                        grad norm = 0.000042
    _orig_mod.blocks.5.ls2.gamma                        grad norm = 0.000135
  ── end gamma check ──


  ── SectorGPSA gate_logit gradient check (epoch 1, batch 1) ──
  (near-zero grads are expected at init; see docstring)
    _orig_mod.blocks.0.attn.gate_logit                  grad = None  ← not connected!
    _orig_mod.blocks.1.attn.gate_logit                  grad = None  ← not connected!
    _orig_mod.blocks.2.attn.gate_logit                  grad = None  ← not connected!
    _orig_mod.blocks.3.attn.gate_logit                  grad = None  ← not connected!
    _orig_mod.blocks.4.attn.gate_logit                  grad = None  ← not connected!
    _orig_mod.blocks.5.attn.gate_logit                  grad = None  ← not connected!
  ── end gate check ──

Validation begins
----- Train/Validation results -----
Epoch 1: Train Loss 0.868228 | Val Loss 0.914381
Epoch 1: Train R^2: -2.2532% | Val R^2: 2.7900%
  Gate g=sigmoid(λ) — mean: 0.8808  min: 0.8808  max: 0.8808  (FROZEN)
  LayerScale γ — mean: 0.022925  min: 0.016793  max: 0.028998
--------------------
----- Epoch 2 -----
Training begins
Validation begins
----- Train/Validation results -----
Epoch 2: Train Loss 0.837319 | Val Loss 0.877270
Epoch 2: Train R^2: 1.3570% | Val R^2: 6.7279%
--------------------
----- Epoch 3 -----
Training begins
Validation begins
----- Train/Validation results -----
Epoch 3: Train Loss 0.794595 | Val Loss 0.844340
Epoch 3: Train R^2: 6.3442% | Val R^2: 10.2031%
--------------------
----- Epoch 4 -----
Training begins
Validation begins
----- Train/Validation results -----
Epoch 4: Train Loss 0.743305 | Val Loss 0.822397
Epoch 4: Train R^2: 12.3758% | Val R^2: 12.5145%
--------------------
----- Epoch 5 -----
Training begins
Validation begins
----- Train/Validation results -----
Epoch 5: Train Loss 0.701745 | Val Loss 0.799429
Epoch 5: Train R^2: 17.2552% | Val R^2: 14.9484%
--------------------
----- Epoch 6 -----
Training begins
Validation begins
----- Train/Validation results -----
Epoch 6: Train Loss 0.670012 | Val Loss 0.775376
Epoch 6: Train R^2: 20.9820% | Val R^2: 17.5022%
--------------------
----- Epoch 7 -----
Training begins
Validation begins
----- Train/Validation results -----
Epoch 7: Train Loss 0.641894 | Val Loss 0.751575
Epoch 7: Train R^2: 24.2870% | Val R^2: 20.0306%
--------------------
----- Epoch 8 -----
Training begins
Validation begins
----- Train/Validation results -----
Epoch 8: Train Loss 0.618153 | Val Loss 0.726717
Epoch 8: Train R^2: 27.0946% | Val R^2: 22.6742%
--------------------
----- Epoch 9 -----
Training begins
Validation begins
----- Train/Validation results -----
Epoch 9: Train Loss 0.594882 | Val Loss 0.702261
Epoch 9: Train R^2: 29.8410% | Val R^2: 25.2764%
--------------------
----- Epoch 10 -----
Training begins
Validation begins
----- Train/Validation results -----
Epoch 10: Train Loss 0.574932 | Val Loss 0.679449
Epoch 10: Train R^2: 32.1987% | Val R^2: 27.7047%
  Gate g=sigmoid(λ) — mean: 0.8808  min: 0.8808  max: 0.8808  (FROZEN)
  LayerScale γ — mean: 0.079558  min: 0.053397  max: 0.103605
--------------------
----- Epoch 11 -----
Training begins
Validation begins
----- Train/Validation results -----
Epoch 11: Train Loss 0.556650 | Val Loss 0.658247
Epoch 11: Train R^2: 34.3509% | Val R^2: 29.9617%
--------------------
----- Epoch 12 -----
Training begins
Validation begins
----- Train/Validation results -----
Epoch 12: Train Loss 0.539781 | Val Loss 0.639443
Epoch 12: Train R^2: 36.3425% | Val R^2: 31.9647%
--------------------
----- Epoch 13 -----
Training begins
Validation begins
----- Train/Validation results -----
Epoch 13: Train Loss 0.525267 | Val Loss 0.625229
Epoch 13: Train R^2: 38.0579% | Val R^2: 33.4745%
--------------------
----- Epoch 14 -----
Training begins
Validation begins
----- Train/Validation results -----
Epoch 14: Train Loss 0.508734 | Val Loss 0.609122
Epoch 14: Train R^2: 40.0016% | Val R^2: 35.1909%
--------------------
----- Epoch 15 -----
Training begins
Validation begins
----- Train/Validation results -----
Epoch 15: Train Loss 0.494801 | Val Loss 0.595152
Epoch 15: Train R^2: 41.6395% | Val R^2: 36.6770%
--------------------
----- Epoch 16 -----
Training begins
Validation begins
----- Train/Validation results -----
Epoch 16: Train Loss 0.477525 | Val Loss 0.581977
Epoch 16: Train R^2: 43.6983% | Val R^2: 38.0821%
--------------------
----- Epoch 17 -----
Training begins
Validation begins
----- Train/Validation results -----
Epoch 17: Train Loss 0.462218 | Val Loss 0.569419
Epoch 17: Train R^2: 45.5128% | Val R^2: 39.4231%
--------------------
----- Epoch 18 -----
Training begins
Validation begins
----- Train/Validation results -----
Epoch 18: Train Loss 0.447329 | Val Loss 0.557340
Epoch 18: Train R^2: 47.2735% | Val R^2: 40.7168%
--------------------
----- Epoch 19 -----
Training begins
Validation begins
----- Train/Validation results -----
Epoch 19: Train Loss 0.430378 | Val Loss 0.547320
Epoch 19: Train R^2: 49.2786% | Val R^2: 41.7871%
--------------------
----- Epoch 20 -----
Training begins
Validation begins
----- Train/Validation results -----
Epoch 20: Train Loss 0.411623 | Val Loss 0.538901
Epoch 20: Train R^2: 51.5032% | Val R^2: 42.6948%
  Gate g=sigmoid(λ) — mean: 0.8808  min: 0.8808  max: 0.8808  (FROZEN)
  LayerScale γ — mean: 0.092944  min: 0.055127  max: 0.119981
--------------------
----- Epoch 21 -----
  Gate warmup complete: gate_logit UNFROZEN at epoch 21
Training begins
Validation begins
----- Train/Validation results -----
Epoch 21: Train Loss 0.391959 | Val Loss 0.532248
Epoch 21: Train R^2: 53.8167% | Val R^2: 43.4295%
  Gate g=sigmoid(λ) — mean: 0.8436  min: 0.8436  max: 0.8436  (trainable)
  LayerScale γ — mean: 0.094722  min: 0.056078  max: 0.121718
--------------------
----- Epoch 22 -----
Training begins
Validation begins
----- Train/Validation results -----
Epoch 22: Train Loss 0.380523 | Val Loss 0.511581
Epoch 22: Train R^2: 55.1746% | Val R^2: 45.6415%
--------------------
----- Epoch 23 -----
Training begins
Validation begins
----- Train/Validation results -----
Epoch 23: Train Loss 0.370951 | Val Loss 0.502724
Epoch 23: Train R^2: 56.3049% | Val R^2: 46.5884%
--------------------
----- Epoch 24 -----
Training begins
Validation begins
----- Train/Validation results -----
Epoch 24: Train Loss 0.386621 | Val Loss 0.567099
Epoch 24: Train R^2: 54.6933% | Val R^2: 39.5967%
--------------------
----- Epoch 25 -----
Training begins
Validation begins
----- Train/Validation results -----
Epoch 25: Train Loss 0.413276 | Val Loss 0.569688
Epoch 25: Train R^2: 51.2957% | Val R^2: 39.2879%
--------------------
----- Epoch 26 -----
Training begins
Validation begins
----- Train/Validation results -----
Epoch 26: Train Loss 0.375733 | Val Loss 0.513057
Epoch 26: Train R^2: 55.6981% | Val R^2: 45.3853%
--------------------
----- Epoch 27 -----
Training begins
Validation begins
----- Train/Validation results -----
Epoch 27: Train Loss 0.359351 | Val Loss 0.503265
Epoch 27: Train R^2: 57.6833% | Val R^2: 46.4233%
--------------------
----- Epoch 28 -----
Training begins
Validation begins
----- Train/Validation results -----
Epoch 28: Train Loss 0.370769 | Val Loss 0.495982
Epoch 28: Train R^2: 56.3392% | Val R^2: 47.2059%
--------------------
----- Epoch 29 -----
Training begins
Validation begins
----- Train/Validation results -----
Epoch 29: Train Loss 0.394440 | Val Loss 0.497166
Epoch 29: Train R^2: 53.6127% | Val R^2: 47.1637%
--------------------
----- Epoch 30 -----
Training begins
Validation begins
----- Train/Validation results -----
Epoch 30: Train Loss 0.393667 | Val Loss 0.470424
Epoch 30: Train R^2: 53.6220% | Val R^2: 49.9680%
  Gate g=sigmoid(λ) — mean: 0.5103  min: 0.5103  max: 0.5103  (trainable)
  LayerScale γ — mean: 0.087932  min: 0.045411  max: 0.119123
--------------------
----- Epoch 31 -----
Training begins
Validation begins
----- Train/Validation results -----
Epoch 31: Train Loss 0.346649 | Val Loss 0.473305
Epoch 31: Train R^2: 59.1376% | Val R^2: 49.6351%
--------------------
----- Epoch 32 -----
Training begins
Validation begins
----- Train/Validation results -----
Epoch 32: Train Loss 0.339306 | Val Loss 0.464822
Epoch 32: Train R^2: 59.9855% | Val R^2: 50.5747%
--------------------
----- Epoch 33 -----
Training begins
Validation begins
----- Train/Validation results -----
Epoch 33: Train Loss 0.334889 | Val Loss 0.478943
Epoch 33: Train R^2: 60.5515% | Val R^2: 49.0661%
--------------------
----- Epoch 34 -----
Training begins
~~~~~~~~~~~~~~~~~~~~~~~~~~~~~~~~~~~~~~~~~~~~~~~~~~~~~~~~~~~~~~~~~~~~~~~~~~~~~~~~~~~~~~~~~~
			Resource Usage on 2026-03-13 18:36:08.162866:
~~~~~~~~~~~~~~~~~~~~~~~~~~~~~~~~~~~~~~~~~~~~~~~~~~~~~~~~~~~~~~~~~~~~~~~~~~~~~~~~~~~~~~~~~~
	JobId: 3149117.hpc-pbs-sched1
	Project: as_spms_cheongsa
	Exit Status: 271
~~~~~~~~~~~~~~~~~~~~~~~~~~~~~~~~~~~~~~~~~~~~~~~~~~~~~~~~~~~~~~~~~~~~~~~~~~~~~~~~~~~~~~~~~~
	NCPUs: Requested(19), Used(19)
	CPU Time Used: 11:01:01
	Memory: Requested(100gb), Used(17322380kb)
	Vmem Used: 44891912kb
	Walltime: Requested(48:00:00), Used(01:27:42)
~~~~~~~~~~~~~~~~~~~~~~~~~~~~~~~~~~~~~~~~~~~~~~~~~~~~~~~~~~~~~~~~~~~~~~~~~~~~~~~~~~~~~~~~~~
	Execution Nodes Used: (hpc-wfly-a002:ncpus=19:mem=104857600kb)
~~~~~~~~~~~~~~~~~~~~~~~~~~~~~~~~~~~~~~~~~~~~~~~~~~~~~~~~~~~~~~~~~~~~~~~~~~~~~~~~~~~~~~~~~~
	No GPU-related information available for this job.
